stdio    D         file_stdio.c:107  file_stdio_fopen                 [   0.00000] opening C:\Users\17898981\projetos\Patronicos\build\allegro5.cfg r
system   D            wsystem.c:891  _al_win_safe_load_library        [   0.00000] PathFindOnPath found: C:\WINDOWS\system32\shcore.dll
system   D            wsystem.c:797  load_library_at_path             [   0.00000] Calling LoadLibrary C:\WINDOWS\system32\shcore.dll
system   I            wsystem.c:800  load_library_at_path             [   0.00000] Loaded C:\WINDOWS\system32\shcore.dll
system   I             system.c:272  al_install_system                [   0.00000] Allegro version: 5.2.10
audio-dsound I           dsound.cpp:275  _dsound_open                     [   0.00050] Starting DirectSound...
audio-dsound D           dsound.cpp:288  _dsound_open                     [   0.06720] DirectSoundCreate8 succeeded
audio-dsound I           dsound.cpp:77   get_window                       [   0.06732] Using desktop window: 000000000001000c
audio    I              audio.c:391  do_install_audio                 [   0.06746] Using DirectSound driver
system   D            wsystem.c:891  _al_win_safe_load_library        [   0.06774] PathFindOnPath found: C:\WINDOWS\system32\d3d9.dll
system   D            wsystem.c:797  load_library_at_path             [   0.06784] Calling LoadLibrary C:\WINDOWS\system32\d3d9.dll
system   I            wsystem.c:800  load_library_at_path             [   0.08544] Loaded C:\WINDOWS\system32\d3d9.dll
d3d      I         d3d_disp.cpp:679  d3d_init_display                 [   0.29393] Render-to-texture: 1
d3d      I         d3d_disp.cpp:1780 d3d_create_display_locked        [   0.29452] faux_fullscreen=0
d3d      D         d3d_disp.cpp:1781 d3d_create_display_locked        [   0.29461] al_display=0000000000e16570
d3d      D         d3d_disp.cpp:1782 d3d_create_display_locked        [   0.29467] al_display->vt=0000000000e17b20
d3d      I d3d_display_formats.cpp:144  _al_d3d_generate_display_format_list [   0.61717] found 192 format combinations
display  D   display_settings.c:214  debug_display_settings           [   0.61730] color: 32 (rgba 8880), depth: 0, stencil: 0, acc: 0000, samples: 0/0
display  D   display_settings.c:529  _al_score_display_settings       [   0.61737] Score is : 897
display  D   display_settings.c:214  debug_display_settings           [   0.61747] color: 32 (rgba 8880), depth: 0, stencil: 0, acc: 0000, samples: 0/0
display  D   display_settings.c:529  _al_score_display_settings       [   0.61757] Score is : 897
display  D   display_settings.c:214  debug_display_settings           [   0.61766] color: 32 (rgba 8880), depth: 0, stencil: 0, acc: 0000, samples: 2/1
display  D   display_settings.c:529  _al_score_display_settings       [   0.61775] Score is : 726
display  D   display_settings.c:214  debug_display_settings           [   0.61782] color: 32 (rgba 8880), depth: 0, stencil: 0, acc: 0000, samples: 3/1
display  D   display_settings.c:529  _al_score_display_settings       [   0.61791] Score is : 721
display  D   display_settings.c:214  debug_display_settings           [   0.61798] color: 32 (rgba 8880), depth: 0, stencil: 0, acc: 0000, samples: 4/1
display  D   display_settings.c:529  _al_score_display_settings       [   0.61806] Score is : 717
display  D   display_settings.c:214  debug_display_settings           [   0.61813] color: 32 (rgba 8880), depth: 0, stencil: 0, acc: 0000, samples: 5/1
display  D   display_settings.c:529  _al_score_display_settings       [   0.61820] Score is : 715
display  D   display_settings.c:214  debug_display_settings           [   0.61825] color: 32 (rgba 8880), depth: 24, stencil: 8, acc: 0000, samples: 0/0
display  D   display_settings.c:529  _al_score_display_settings       [   0.61837] Score is : 897
display  D   display_settings.c:214  debug_display_settings           [   0.61847] color: 32 (rgba 8880), depth: 24, stencil: 8, acc: 0000, samples: 0/0
display  D   display_settings.c:529  _al_score_display_settings       [   0.61859] Score is : 897
display  D   display_settings.c:214  debug_display_settings           [   0.61867] color: 32 (rgba 8880), depth: 24, stencil: 8, acc: 0000, samples: 2/1
display  D   display_settings.c:529  _al_score_display_settings       [   0.61881] Score is : 726
display  D   display_settings.c:214  debug_display_settings           [   0.61889] color: 32 (rgba 8880), depth: 24, stencil: 8, acc: 0000, samples: 3/1
display  D   display_settings.c:529  _al_score_display_settings       [   0.61901] Score is : 721
display  D   display_settings.c:214  debug_display_settings           [   0.61909] color: 32 (rgba 8880), depth: 24, stencil: 8, acc: 0000, samples: 4/1
display  D   display_settings.c:529  _al_score_display_settings       [   0.61918] Score is : 717
display  D   display_settings.c:214  debug_display_settings           [   0.61929] color: 32 (rgba 8880), depth: 24, stencil: 8, acc: 0000, samples: 5/1
display  D   display_settings.c:529  _al_score_display_settings       [   0.61939] Score is : 715
display  D   display_settings.c:214  debug_display_settings           [   0.61950] color: 32 (rgba 8880), depth: 24, stencil: 0, acc: 0000, samples: 0/0
display  D   display_settings.c:529  _al_score_display_settings       [   0.61959] Score is : 897
display  D   display_settings.c:214  debug_display_settings           [   0.61970] color: 32 (rgba 8880), depth: 24, stencil: 0, acc: 0000, samples: 0/0
display  D   display_settings.c:529  _al_score_display_settings       [   0.61980] Score is : 897
display  D   display_settings.c:214  debug_display_settings           [   0.61985] color: 32 (rgba 8880), depth: 24, stencil: 0, acc: 0000, samples: 2/1
display  D   display_settings.c:529  _al_score_display_settings       [   0.61999] Score is : 726
display  D   display_settings.c:214  debug_display_settings           [   0.62008] color: 32 (rgba 8880), depth: 24, stencil: 0, acc: 0000, samples: 3/1
display  D   display_settings.c:529  _al_score_display_settings       [   0.62018] Score is : 721
display  D   display_settings.c:214  debug_display_settings           [   0.62024] color: 32 (rgba 8880), depth: 24, stencil: 0, acc: 0000, samples: 4/1
display  D   display_settings.c:529  _al_score_display_settings       [   0.62031] Score is : 717
display  D   display_settings.c:214  debug_display_settings           [   0.62039] color: 32 (rgba 8880), depth: 24, stencil: 0, acc: 0000, samples: 5/1
display  D   display_settings.c:529  _al_score_display_settings       [   0.62047] Score is : 715
display  D   display_settings.c:214  debug_display_settings           [   0.62052] color: 32 (rgba 8880), depth: 16, stencil: 0, acc: 0000, samples: 0/0
display  D   display_settings.c:529  _al_score_display_settings       [   0.62061] Score is : 897
display  D   display_settings.c:214  debug_display_settings           [   0.62069] color: 32 (rgba 8880), depth: 16, stencil: 0, acc: 0000, samples: 0/0
display  D   display_settings.c:529  _al_score_display_settings       [   0.62081] Score is : 897
display  D   display_settings.c:214  debug_display_settings           [   0.62091] color: 32 (rgba 8880), depth: 16, stencil: 0, acc: 0000, samples: 2/1
display  D   display_settings.c:529  _al_score_display_settings       [   0.62102] Score is : 726
display  D   display_settings.c:214  debug_display_settings           [   0.62110] color: 32 (rgba 8880), depth: 16, stencil: 0, acc: 0000, samples: 3/1
display  D   display_settings.c:529  _al_score_display_settings       [   0.62118] Score is : 721
display  D   display_settings.c:214  debug_display_settings           [   0.62125] color: 32 (rgba 8880), depth: 16, stencil: 0, acc: 0000, samples: 4/1
display  D   display_settings.c:529  _al_score_display_settings       [   0.62133] Score is : 717
display  D   display_settings.c:214  debug_display_settings           [   0.62140] color: 32 (rgba 8880), depth: 16, stencil: 0, acc: 0000, samples: 5/1
display  D   display_settings.c:529  _al_score_display_settings       [   0.62147] Score is : 715
display  D   display_settings.c:214  debug_display_settings           [   0.62154] color: 16 (rgba 5650), depth: 0, stencil: 0, acc: 0000, samples: 0/0
display  D   display_settings.c:529  _al_score_display_settings       [   0.62161] Score is : 897
display  D   display_settings.c:214  debug_display_settings           [   0.62168] color: 16 (rgba 5650), depth: 0, stencil: 0, acc: 0000, samples: 0/0
display  D   display_settings.c:529  _al_score_display_settings       [   0.62175] Score is : 897
display  D   display_settings.c:214  debug_display_settings           [   0.62182] color: 16 (rgba 5650), depth: 0, stencil: 0, acc: 0000, samples: 2/1
display  D   display_settings.c:529  _al_score_display_settings       [   0.62190] Score is : 726
display  D   display_settings.c:214  debug_display_settings           [   0.62197] color: 16 (rgba 5650), depth: 0, stencil: 0, acc: 0000, samples: 3/1
display  D   display_settings.c:529  _al_score_display_settings       [   0.62216] Score is : 721
display  D   display_settings.c:214  debug_display_settings           [   0.62224] color: 16 (rgba 5650), depth: 0, stencil: 0, acc: 0000, samples: 4/1
display  D   display_settings.c:529  _al_score_display_settings       [   0.62232] Score is : 717
display  D   display_settings.c:214  debug_display_settings           [   0.62240] color: 16 (rgba 5650), depth: 0, stencil: 0, acc: 0000, samples: 5/1
display  D   display_settings.c:529  _al_score_display_settings       [   0.62249] Score is : 715
display  D   display_settings.c:214  debug_display_settings           [   0.62254] color: 16 (rgba 5650), depth: 24, stencil: 8, acc: 0000, samples: 0/0
display  D   display_settings.c:529  _al_score_display_settings       [   0.62261] Score is : 897
display  D   display_settings.c:214  debug_display_settings           [   0.62268] color: 16 (rgba 5650), depth: 24, stencil: 8, acc: 0000, samples: 0/0
display  D   display_settings.c:529  _al_score_display_settings       [   0.62278] Score is : 897
display  D   display_settings.c:214  debug_display_settings           [   0.62287] color: 16 (rgba 5650), depth: 24, stencil: 8, acc: 0000, samples: 2/1
display  D   display_settings.c:529  _al_score_display_settings       [   0.62296] Score is : 726
display  D   display_settings.c:214  debug_display_settings           [   0.62303] color: 16 (rgba 5650), depth: 24, stencil: 8, acc: 0000, samples: 3/1
display  D   display_settings.c:529  _al_score_display_settings       [   0.62312] Score is : 721
display  D   display_settings.c:214  debug_display_settings           [   0.62320] color: 16 (rgba 5650), depth: 24, stencil: 8, acc: 0000, samples: 4/1
display  D   display_settings.c:529  _al_score_display_settings       [   0.62328] Score is : 717
display  D   display_settings.c:214  debug_display_settings           [   0.62336] color: 16 (rgba 5650), depth: 24, stencil: 8, acc: 0000, samples: 5/1
display  D   display_settings.c:529  _al_score_display_settings       [   0.62344] Score is : 715
display  D   display_settings.c:214  debug_display_settings           [   0.62351] color: 16 (rgba 5650), depth: 24, stencil: 0, acc: 0000, samples: 0/0
display  D   display_settings.c:529  _al_score_display_settings       [   0.62358] Score is : 897
display  D   display_settings.c:214  debug_display_settings           [   0.62365] color: 16 (rgba 5650), depth: 24, stencil: 0, acc: 0000, samples: 0/0
display  D   display_settings.c:529  _al_score_display_settings       [   0.62372] Score is : 897
display  D   display_settings.c:214  debug_display_settings           [   0.62383] color: 16 (rgba 5650), depth: 24, stencil: 0, acc: 0000, samples: 2/1
display  D   display_settings.c:529  _al_score_display_settings       [   0.62394] Score is : 726
display  D   display_settings.c:214  debug_display_settings           [   0.62402] color: 16 (rgba 5650), depth: 24, stencil: 0, acc: 0000, samples: 3/1
display  D   display_settings.c:529  _al_score_display_settings       [   0.62411] Score is : 721
display  D   display_settings.c:214  debug_display_settings           [   0.62418] color: 16 (rgba 5650), depth: 24, stencil: 0, acc: 0000, samples: 4/1
display  D   display_settings.c:529  _al_score_display_settings       [   0.62444] Score is : 717
display  D   display_settings.c:214  debug_display_settings           [   0.62450] color: 16 (rgba 5650), depth: 24, stencil: 0, acc: 0000, samples: 5/1
display  D   display_settings.c:529  _al_score_display_settings       [   0.62457] Score is : 715
display  D   display_settings.c:214  debug_display_settings           [   0.62465] color: 16 (rgba 5650), depth: 16, stencil: 0, acc: 0000, samples: 0/0
display  D   display_settings.c:529  _al_score_display_settings       [   0.62480] Score is : 897
display  D   display_settings.c:214  debug_display_settings           [   0.62492] color: 16 (rgba 5650), depth: 16, stencil: 0, acc: 0000, samples: 0/0
display  D   display_settings.c:529  _al_score_display_settings       [   0.62501] Score is : 897
display  D   display_settings.c:214  debug_display_settings           [   0.62507] color: 16 (rgba 5650), depth: 16, stencil: 0, acc: 0000, samples: 2/1
display  D   display_settings.c:529  _al_score_display_settings       [   0.62513] Score is : 726
display  D   display_settings.c:214  debug_display_settings           [   0.62522] color: 16 (rgba 5650), depth: 16, stencil: 0, acc: 0000, samples: 3/1
display  D   display_settings.c:529  _al_score_display_settings       [   0.62531] Score is : 721
display  D   display_settings.c:214  debug_display_settings           [   0.62541] color: 16 (rgba 5650), depth: 16, stencil: 0, acc: 0000, samples: 4/1
display  D   display_settings.c:529  _al_score_display_settings       [   0.62565] Score is : 717
display  D   display_settings.c:214  debug_display_settings           [   0.62572] color: 16 (rgba 5650), depth: 16, stencil: 0, acc: 0000, samples: 5/1
display  D   display_settings.c:529  _al_score_display_settings       [   0.62586] Score is : 715
display  D   display_settings.c:214  debug_display_settings           [   0.62596] color: 32 (rgba 8880), depth: 0, stencil: 0, acc: 0000, samples: 0/0
display  D   display_settings.c:400  _al_score_display_settings       [   0.62606] Single Buffer requirement not met.
display  D   display_settings.c:214  debug_display_settings           [   0.62616] color: 32 (rgba 8880), depth: 0, stencil: 0, acc: 0000, samples: 0/0
display  D   display_settings.c:400  _al_score_display_settings       [   0.62626] Single Buffer requirement not met.
display  D   display_settings.c:214  debug_display_settings           [   0.62643] color: 32 (rgba 8880), depth: 0, stencil: 0, acc: 0000, samples: 2/1
display  D   display_settings.c:400  _al_score_display_settings       [   0.62658] Single Buffer requirement not met.
display  D   display_settings.c:214  debug_display_settings           [   0.62666] color: 32 (rgba 8880), depth: 0, stencil: 0, acc: 0000, samples: 3/1
display  D   display_settings.c:400  _al_score_display_settings       [   0.62675] Single Buffer requirement not met.
display  D   display_settings.c:214  debug_display_settings           [   0.62682] color: 32 (rgba 8880), depth: 0, stencil: 0, acc: 0000, samples: 4/1
display  D   display_settings.c:400  _al_score_display_settings       [   0.62690] Single Buffer requirement not met.
display  D   display_settings.c:214  debug_display_settings           [   0.62701] color: 32 (rgba 8880), depth: 0, stencil: 0, acc: 0000, samples: 5/1
display  D   display_settings.c:400  _al_score_display_settings       [   0.62709] Single Buffer requirement not met.
display  D   display_settings.c:214  debug_display_settings           [   0.62716] color: 32 (rgba 8880), depth: 24, stencil: 8, acc: 0000, samples: 0/0
display  D   display_settings.c:400  _al_score_display_settings       [   0.62722] Single Buffer requirement not met.
display  D   display_settings.c:214  debug_display_settings           [   0.62729] color: 32 (rgba 8880), depth: 24, stencil: 8, acc: 0000, samples: 0/0
display  D   display_settings.c:400  _al_score_display_settings       [   0.62738] Single Buffer requirement not met.
display  D   display_settings.c:214  debug_display_settings           [   0.62745] color: 32 (rgba 8880), depth: 24, stencil: 8, acc: 0000, samples: 2/1
display  D   display_settings.c:400  _al_score_display_settings       [   0.62760] Single Buffer requirement not met.
display  D   display_settings.c:214  debug_display_settings           [   0.62770] color: 32 (rgba 8880), depth: 24, stencil: 8, acc: 0000, samples: 3/1
display  D   display_settings.c:400  _al_score_display_settings       [   0.62780] Single Buffer requirement not met.
display  D   display_settings.c:214  debug_display_settings           [   0.62787] color: 32 (rgba 8880), depth: 24, stencil: 8, acc: 0000, samples: 4/1
display  D   display_settings.c:400  _al_score_display_settings       [   0.62799] Single Buffer requirement not met.
display  D   display_settings.c:214  debug_display_settings           [   0.62809] color: 32 (rgba 8880), depth: 24, stencil: 8, acc: 0000, samples: 5/1
display  D   display_settings.c:400  _al_score_display_settings       [   0.62821] Single Buffer requirement not met.
display  D   display_settings.c:214  debug_display_settings           [   0.62833] color: 32 (rgba 8880), depth: 24, stencil: 0, acc: 0000, samples: 0/0
display  D   display_settings.c:400  _al_score_display_settings       [   0.62848] Single Buffer requirement not met.
display  D   display_settings.c:214  debug_display_settings           [   0.62856] color: 32 (rgba 8880), depth: 24, stencil: 0, acc: 0000, samples: 0/0
display  D   display_settings.c:400  _al_score_display_settings       [   0.62865] Single Buffer requirement not met.
display  D   display_settings.c:214  debug_display_settings           [   0.62871] color: 32 (rgba 8880), depth: 24, stencil: 0, acc: 0000, samples: 2/1
display  D   display_settings.c:400  _al_score_display_settings       [   0.62881] Single Buffer requirement not met.
display  D   display_settings.c:214  debug_display_settings           [   0.62888] color: 32 (rgba 8880), depth: 24, stencil: 0, acc: 0000, samples: 3/1
display  D   display_settings.c:400  _al_score_display_settings       [   0.62895] Single Buffer requirement not met.
display  D   display_settings.c:214  debug_display_settings           [   0.62901] color: 32 (rgba 8880), depth: 24, stencil: 0, acc: 0000, samples: 4/1
display  D   display_settings.c:400  _al_score_display_settings       [   0.62910] Single Buffer requirement not met.
display  D   display_settings.c:214  debug_display_settings           [   0.62918] color: 32 (rgba 8880), depth: 24, stencil: 0, acc: 0000, samples: 5/1
display  D   display_settings.c:400  _al_score_display_settings       [   0.62927] Single Buffer requirement not met.
display  D   display_settings.c:214  debug_display_settings           [   0.62934] color: 32 (rgba 8880), depth: 16, stencil: 0, acc: 0000, samples: 0/0
display  D   display_settings.c:400  _al_score_display_settings       [   0.62958] Single Buffer requirement not met.
display  D   display_settings.c:214  debug_display_settings           [   0.62965] color: 32 (rgba 8880), depth: 16, stencil: 0, acc: 0000, samples: 0/0
display  D   display_settings.c:400  _al_score_display_settings       [   0.62976] Single Buffer requirement not met.
display  D   display_settings.c:214  debug_display_settings           [   0.62986] color: 32 (rgba 8880), depth: 16, stencil: 0, acc: 0000, samples: 2/1
display  D   display_settings.c:400  _al_score_display_settings       [   0.62996] Single Buffer requirement not met.
display  D   display_settings.c:214  debug_display_settings           [   0.63012] color: 32 (rgba 8880), depth: 16, stencil: 0, acc: 0000, samples: 3/1
display  D   display_settings.c:400  _al_score_display_settings       [   0.63022] Single Buffer requirement not met.
display  D   display_settings.c:214  debug_display_settings           [   0.63030] color: 32 (rgba 8880), depth: 16, stencil: 0, acc: 0000, samples: 4/1
display  D   display_settings.c:400  _al_score_display_settings       [   0.63040] Single Buffer requirement not met.
display  D   display_settings.c:214  debug_display_settings           [   0.63048] color: 32 (rgba 8880), depth: 16, stencil: 0, acc: 0000, samples: 5/1
display  D   display_settings.c:400  _al_score_display_settings       [   0.63059] Single Buffer requirement not met.
display  D   display_settings.c:214  debug_display_settings           [   0.63065] color: 16 (rgba 5650), depth: 0, stencil: 0, acc: 0000, samples: 0/0
display  D   display_settings.c:400  _al_score_display_settings       [   0.63073] Single Buffer requirement not met.
display  D   display_settings.c:214  debug_display_settings           [   0.63079] color: 16 (rgba 5650), depth: 0, stencil: 0, acc: 0000, samples: 0/0
display  D   display_settings.c:400  _al_score_display_settings       [   0.63086] Single Buffer requirement not met.
display  D   display_settings.c:214  debug_display_settings           [   0.63093] color: 16 (rgba 5650), depth: 0, stencil: 0, acc: 0000, samples: 2/1
display  D   display_settings.c:400  _al_score_display_settings       [   0.63102] Single Buffer requirement not met.
display  D   display_settings.c:214  debug_display_settings           [   0.63109] color: 16 (rgba 5650), depth: 0, stencil: 0, acc: 0000, samples: 3/1
display  D   display_settings.c:400  _al_score_display_settings       [   0.63118] Single Buffer requirement not met.
display  D   display_settings.c:214  debug_display_settings           [   0.63128] color: 16 (rgba 5650), depth: 0, stencil: 0, acc: 0000, samples: 4/1
display  D   display_settings.c:400  _al_score_display_settings       [   0.63138] Single Buffer requirement not met.
display  D   display_settings.c:214  debug_display_settings           [   0.63146] color: 16 (rgba 5650), depth: 0, stencil: 0, acc: 0000, samples: 5/1
display  D   display_settings.c:400  _al_score_display_settings       [   0.63157] Single Buffer requirement not met.
display  D   display_settings.c:214  debug_display_settings           [   0.63164] color: 16 (rgba 5650), depth: 24, stencil: 8, acc: 0000, samples: 0/0
display  D   display_settings.c:400  _al_score_display_settings       [   0.63173] Single Buffer requirement not met.
display  D   display_settings.c:214  debug_display_settings           [   0.63191] color: 16 (rgba 5650), depth: 24, stencil: 8, acc: 0000, samples: 0/0
display  D   display_settings.c:400  _al_score_display_settings       [   0.63201] Single Buffer requirement not met.
display  D   display_settings.c:214  debug_display_settings           [   0.63217] color: 16 (rgba 5650), depth: 24, stencil: 8, acc: 0000, samples: 2/1
display  D   display_settings.c:400  _al_score_display_settings       [   0.63230] Single Buffer requirement not met.
display  D   display_settings.c:214  debug_display_settings           [   0.63237] color: 16 (rgba 5650), depth: 24, stencil: 8, acc: 0000, samples: 3/1
display  D   display_settings.c:400  _al_score_display_settings       [   0.63247] Single Buffer requirement not met.
display  D   display_settings.c:214  debug_display_settings           [   0.63257] color: 16 (rgba 5650), depth: 24, stencil: 8, acc: 0000, samples: 4/1
display  D   display_settings.c:400  _al_score_display_settings       [   0.63268] Single Buffer requirement not met.
display  D   display_settings.c:214  debug_display_settings           [   0.63279] color: 16 (rgba 5650), depth: 24, stencil: 8, acc: 0000, samples: 5/1
display  D   display_settings.c:400  _al_score_display_settings       [   0.63289] Single Buffer requirement not met.
display  D   display_settings.c:214  debug_display_settings           [   0.63299] color: 16 (rgba 5650), depth: 24, stencil: 0, acc: 0000, samples: 0/0
display  D   display_settings.c:400  _al_score_display_settings       [   0.63309] Single Buffer requirement not met.
display  D   display_settings.c:214  debug_display_settings           [   0.63333] color: 16 (rgba 5650), depth: 24, stencil: 0, acc: 0000, samples: 0/0
display  D   display_settings.c:400  _al_score_display_settings       [   0.63344] Single Buffer requirement not met.
display  D   display_settings.c:214  debug_display_settings           [   0.63354] color: 16 (rgba 5650), depth: 24, stencil: 0, acc: 0000, samples: 2/1
display  D   display_settings.c:400  _al_score_display_settings       [   0.63373] Single Buffer requirement not met.
display  D   display_settings.c:214  debug_display_settings           [   0.63389] color: 16 (rgba 5650), depth: 24, stencil: 0, acc: 0000, samples: 3/1
display  D   display_settings.c:400  _al_score_display_settings       [   0.63401] Single Buffer requirement not met.
display  D   display_settings.c:214  debug_display_settings           [   0.63419] color: 16 (rgba 5650), depth: 24, stencil: 0, acc: 0000, samples: 4/1
display  D   display_settings.c:400  _al_score_display_settings       [   0.63430] Single Buffer requirement not met.
display  D   display_settings.c:214  debug_display_settings           [   0.63439] color: 16 (rgba 5650), depth: 24, stencil: 0, acc: 0000, samples: 5/1
display  D   display_settings.c:400  _al_score_display_settings       [   0.63446] Single Buffer requirement not met.
display  D   display_settings.c:214  debug_display_settings           [   0.63454] color: 16 (rgba 5650), depth: 16, stencil: 0, acc: 0000, samples: 0/0
display  D   display_settings.c:400  _al_score_display_settings       [   0.63463] Single Buffer requirement not met.
display  D   display_settings.c:214  debug_display_settings           [   0.63471] color: 16 (rgba 5650), depth: 16, stencil: 0, acc: 0000, samples: 0/0
display  D   display_settings.c:400  _al_score_display_settings       [   0.63481] Single Buffer requirement not met.
display  D   display_settings.c:214  debug_display_settings           [   0.63489] color: 16 (rgba 5650), depth: 16, stencil: 0, acc: 0000, samples: 2/1
display  D   display_settings.c:400  _al_score_display_settings       [   0.63506] Single Buffer requirement not met.
display  D   display_settings.c:214  debug_display_settings           [   0.63518] color: 16 (rgba 5650), depth: 16, stencil: 0, acc: 0000, samples: 3/1
display  D   display_settings.c:400  _al_score_display_settings       [   0.63528] Single Buffer requirement not met.
display  D   display_settings.c:214  debug_display_settings           [   0.63550] color: 16 (rgba 5650), depth: 16, stencil: 0, acc: 0000, samples: 4/1
display  D   display_settings.c:400  _al_score_display_settings       [   0.63561] Single Buffer requirement not met.
display  D   display_settings.c:214  debug_display_settings           [   0.63580] color: 16 (rgba 5650), depth: 16, stencil: 0, acc: 0000, samples: 5/1
display  D   display_settings.c:400  _al_score_display_settings       [   0.63593] Single Buffer requirement not met.
display  D   display_settings.c:214  debug_display_settings           [   0.63606] color: 32 (rgba 8880), depth: 0, stencil: 0, acc: 0000, samples: 0/0
display  D   display_settings.c:529  _al_score_display_settings       [   0.63618] Score is : 769
display  D   display_settings.c:214  debug_display_settings           [   0.63628] color: 32 (rgba 8880), depth: 0, stencil: 0, acc: 0000, samples: 0/0
display  D   display_settings.c:529  _al_score_display_settings       [   0.63640] Score is : 769
display  D   display_settings.c:214  debug_display_settings           [   0.63648] color: 32 (rgba 8880), depth: 0, stencil: 0, acc: 0000, samples: 2/1
display  D   display_settings.c:529  _al_score_display_settings       [   0.63660] Score is : 598
display  D   display_settings.c:214  debug_display_settings           [   0.63670] color: 32 (rgba 8880), depth: 0, stencil: 0, acc: 0000, samples: 3/1
display  D   display_settings.c:529  _al_score_display_settings       [   0.63681] Score is : 593
display  D   display_settings.c:214  debug_display_settings           [   0.63688] color: 32 (rgba 8880), depth: 0, stencil: 0, acc: 0000, samples: 4/1
display  D   display_settings.c:529  _al_score_display_settings       [   0.63704] Score is : 589
display  D   display_settings.c:214  debug_display_settings           [   0.63711] color: 32 (rgba 8880), depth: 0, stencil: 0, acc: 0000, samples: 5/1
display  D   display_settings.c:529  _al_score_display_settings       [   0.63725] Score is : 587
display  D   display_settings.c:214  debug_display_settings           [   0.63734] color: 32 (rgba 8880), depth: 24, stencil: 8, acc: 0000, samples: 0/0
display  D   display_settings.c:529  _al_score_display_settings       [   0.63745] Score is : 769
display  D   display_settings.c:214  debug_display_settings           [   0.63756] color: 32 (rgba 8880), depth: 24, stencil: 8, acc: 0000, samples: 0/0
display  D   display_settings.c:529  _al_score_display_settings       [   0.63774] Score is : 769
display  D   display_settings.c:214  debug_display_settings           [   0.63785] color: 32 (rgba 8880), depth: 24, stencil: 8, acc: 0000, samples: 2/1
display  D   display_settings.c:529  _al_score_display_settings       [   0.63806] Score is : 598
display  D   display_settings.c:214  debug_display_settings           [   0.63816] color: 32 (rgba 8880), depth: 24, stencil: 8, acc: 0000, samples: 3/1
display  D   display_settings.c:529  _al_score_display_settings       [   0.63828] Score is : 593
display  D   display_settings.c:214  debug_display_settings           [   0.63838] color: 32 (rgba 8880), depth: 24, stencil: 8, acc: 0000, samples: 4/1
display  D   display_settings.c:529  _al_score_display_settings       [   0.63849] Score is : 589
display  D   display_settings.c:214  debug_display_settings           [   0.63858] color: 32 (rgba 8880), depth: 24, stencil: 8, acc: 0000, samples: 5/1
display  D   display_settings.c:529  _al_score_display_settings       [   0.63877] Score is : 587
display  D   display_settings.c:214  debug_display_settings           [   0.63890] color: 32 (rgba 8880), depth: 24, stencil: 0, acc: 0000, samples: 0/0
display  D   display_settings.c:529  _al_score_display_settings       [   0.63901] Score is : 769
display  D   display_settings.c:214  debug_display_settings           [   0.63910] color: 32 (rgba 8880), depth: 24, stencil: 0, acc: 0000, samples: 0/0
display  D   display_settings.c:529  _al_score_display_settings       [   0.63920] Score is : 769
display  D   display_settings.c:214  debug_display_settings           [   0.63935] color: 32 (rgba 8880), depth: 24, stencil: 0, acc: 0000, samples: 2/1
display  D   display_settings.c:529  _al_score_display_settings       [   0.63949] Score is : 598
display  D   display_settings.c:214  debug_display_settings           [   0.63962] color: 32 (rgba 8880), depth: 24, stencil: 0, acc: 0000, samples: 3/1
display  D   display_settings.c:529  _al_score_display_settings       [   0.63976] Score is : 593
display  D   display_settings.c:214  debug_display_settings           [   0.63985] color: 32 (rgba 8880), depth: 24, stencil: 0, acc: 0000, samples: 4/1
display  D   display_settings.c:529  _al_score_display_settings       [   0.63996] Score is : 589
display  D   display_settings.c:214  debug_display_settings           [   0.64006] color: 32 (rgba 8880), depth: 24, stencil: 0, acc: 0000, samples: 5/1
display  D   display_settings.c:529  _al_score_display_settings       [   0.64021] Score is : 587
display  D   display_settings.c:214  debug_display_settings           [   0.64030] color: 32 (rgba 8880), depth: 16, stencil: 0, acc: 0000, samples: 0/0
display  D   display_settings.c:529  _al_score_display_settings       [   0.64039] Score is : 769
display  D   display_settings.c:214  debug_display_settings           [   0.64049] color: 32 (rgba 8880), depth: 16, stencil: 0, acc: 0000, samples: 0/0
display  D   display_settings.c:529  _al_score_display_settings       [   0.64067] Score is : 769
display  D   display_settings.c:214  debug_display_settings           [   0.64076] color: 32 (rgba 8880), depth: 16, stencil: 0, acc: 0000, samples: 2/1
display  D   display_settings.c:529  _al_score_display_settings       [   0.64086] Score is : 598
display  D   display_settings.c:214  debug_display_settings           [   0.64094] color: 32 (rgba 8880), depth: 16, stencil: 0, acc: 0000, samples: 3/1
display  D   display_settings.c:529  _al_score_display_settings       [   0.64104] Score is : 593
display  D   display_settings.c:214  debug_display_settings           [   0.64118] color: 32 (rgba 8880), depth: 16, stencil: 0, acc: 0000, samples: 4/1
display  D   display_settings.c:529  _al_score_display_settings       [   0.64128] Score is : 589
display  D   display_settings.c:214  debug_display_settings           [   0.64137] color: 32 (rgba 8880), depth: 16, stencil: 0, acc: 0000, samples: 5/1
display  D   display_settings.c:529  _al_score_display_settings       [   0.64149] Score is : 587
display  D   display_settings.c:214  debug_display_settings           [   0.64161] color: 16 (rgba 5650), depth: 0, stencil: 0, acc: 0000, samples: 0/0
display  D   display_settings.c:529  _al_score_display_settings       [   0.64172] Score is : 769
display  D   display_settings.c:214  debug_display_settings           [   0.64179] color: 16 (rgba 5650), depth: 0, stencil: 0, acc: 0000, samples: 0/0
display  D   display_settings.c:529  _al_score_display_settings       [   0.64188] Score is : 769
display  D   display_settings.c:214  debug_display_settings           [   0.64200] color: 16 (rgba 5650), depth: 0, stencil: 0, acc: 0000, samples: 2/1
display  D   display_settings.c:529  _al_score_display_settings       [   0.64215] Score is : 598
display  D   display_settings.c:214  debug_display_settings           [   0.64227] color: 16 (rgba 5650), depth: 0, stencil: 0, acc: 0000, samples: 3/1
display  D   display_settings.c:529  _al_score_display_settings       [   0.64237] Score is : 593
display  D   display_settings.c:214  debug_display_settings           [   0.64248] color: 16 (rgba 5650), depth: 0, stencil: 0, acc: 0000, samples: 4/1
display  D   display_settings.c:529  _al_score_display_settings       [   0.64257] Score is : 589
display  D   display_settings.c:214  debug_display_settings           [   0.64264] color: 16 (rgba 5650), depth: 0, stencil: 0, acc: 0000, samples: 5/1
display  D   display_settings.c:529  _al_score_display_settings       [   0.64272] Score is : 587
display  D   display_settings.c:214  debug_display_settings           [   0.64279] color: 16 (rgba 5650), depth: 24, stencil: 8, acc: 0000, samples: 0/0
display  D   display_settings.c:529  _al_score_display_settings       [   0.64293] Score is : 769
display  D   display_settings.c:214  debug_display_settings           [   0.64302] color: 16 (rgba 5650), depth: 24, stencil: 8, acc: 0000, samples: 0/0
display  D   display_settings.c:529  _al_score_display_settings       [   0.64317] Score is : 769
display  D   display_settings.c:214  debug_display_settings           [   0.64324] color: 16 (rgba 5650), depth: 24, stencil: 8, acc: 0000, samples: 2/1
display  D   display_settings.c:529  _al_score_display_settings       [   0.64334] Score is : 598
display  D   display_settings.c:214  debug_display_settings           [   0.64340] color: 16 (rgba 5650), depth: 24, stencil: 8, acc: 0000, samples: 3/1
display  D   display_settings.c:529  _al_score_display_settings       [   0.64355] Score is : 593
display  D   display_settings.c:214  debug_display_settings           [   0.64362] color: 16 (rgba 5650), depth: 24, stencil: 8, acc: 0000, samples: 4/1
display  D   display_settings.c:529  _al_score_display_settings       [   0.64371] Score is : 589
display  D   display_settings.c:214  debug_display_settings           [   0.64378] color: 16 (rgba 5650), depth: 24, stencil: 8, acc: 0000, samples: 5/1
display  D   display_settings.c:529  _al_score_display_settings       [   0.64386] Score is : 587
display  D   display_settings.c:214  debug_display_settings           [   0.64394] color: 16 (rgba 5650), depth: 24, stencil: 0, acc: 0000, samples: 0/0
display  D   display_settings.c:529  _al_score_display_settings       [   0.64403] Score is : 769
display  D   display_settings.c:214  debug_display_settings           [   0.64410] color: 16 (rgba 5650), depth: 24, stencil: 0, acc: 0000, samples: 0/0
display  D   display_settings.c:529  _al_score_display_settings       [   0.64418] Score is : 769
display  D   display_settings.c:214  debug_display_settings           [   0.64430] color: 16 (rgba 5650), depth: 24, stencil: 0, acc: 0000, samples: 2/1
display  D   display_settings.c:529  _al_score_display_settings       [   0.64438] Score is : 598
display  D   display_settings.c:214  debug_display_settings           [   0.64447] color: 16 (rgba 5650), depth: 24, stencil: 0, acc: 0000, samples: 3/1
display  D   display_settings.c:529  _al_score_display_settings       [   0.64462] Score is : 593
display  D   display_settings.c:214  debug_display_settings           [   0.64470] color: 16 (rgba 5650), depth: 24, stencil: 0, acc: 0000, samples: 4/1
display  D   display_settings.c:529  _al_score_display_settings       [   0.64479] Score is : 589
display  D   display_settings.c:214  debug_display_settings           [   0.64486] color: 16 (rgba 5650), depth: 24, stencil: 0, acc: 0000, samples: 5/1
display  D   display_settings.c:529  _al_score_display_settings       [   0.64495] Score is : 587
display  D   display_settings.c:214  debug_display_settings           [   0.64502] color: 16 (rgba 5650), depth: 16, stencil: 0, acc: 0000, samples: 0/0
display  D   display_settings.c:529  _al_score_display_settings       [   0.64512] Score is : 769
display  D   display_settings.c:214  debug_display_settings           [   0.64520] color: 16 (rgba 5650), depth: 16, stencil: 0, acc: 0000, samples: 0/0
display  D   display_settings.c:529  _al_score_display_settings       [   0.64530] Score is : 769
display  D   display_settings.c:214  debug_display_settings           [   0.64541] color: 16 (rgba 5650), depth: 16, stencil: 0, acc: 0000, samples: 2/1
display  D   display_settings.c:529  _al_score_display_settings       [   0.64548] Score is : 598
display  D   display_settings.c:214  debug_display_settings           [   0.64558] color: 16 (rgba 5650), depth: 16, stencil: 0, acc: 0000, samples: 3/1
display  D   display_settings.c:529  _al_score_display_settings       [   0.64567] Score is : 593
display  D   display_settings.c:214  debug_display_settings           [   0.64573] color: 16 (rgba 5650), depth: 16, stencil: 0, acc: 0000, samples: 4/1
display  D   display_settings.c:529  _al_score_display_settings       [   0.64582] Score is : 589
display  D   display_settings.c:214  debug_display_settings           [   0.64588] color: 16 (rgba 5650), depth: 16, stencil: 0, acc: 0000, samples: 5/1
display  D   display_settings.c:529  _al_score_display_settings       [   0.64596] Score is : 587
display  D   display_settings.c:214  debug_display_settings           [   0.64603] color: 32 (rgba 8880), depth: 0, stencil: 0, acc: 0000, samples: 0/0
display  D   display_settings.c:400  _al_score_display_settings       [   0.64612] Single Buffer requirement not met.
display  D   display_settings.c:214  debug_display_settings           [   0.64621] color: 32 (rgba 8880), depth: 0, stencil: 0, acc: 0000, samples: 0/0
display  D   display_settings.c:400  _al_score_display_settings       [   0.64631] Single Buffer requirement not met.
display  D   display_settings.c:214  debug_display_settings           [   0.64639] color: 32 (rgba 8880), depth: 0, stencil: 0, acc: 0000, samples: 2/1
display  D   display_settings.c:400  _al_score_display_settings       [   0.64649] Single Buffer requirement not met.
display  D   display_settings.c:214  debug_display_settings           [   0.64656] color: 32 (rgba 8880), depth: 0, stencil: 0, acc: 0000, samples: 3/1
display  D   display_settings.c:400  _al_score_display_settings       [   0.64665] Single Buffer requirement not met.
display  D   display_settings.c:214  debug_display_settings           [   0.64672] color: 32 (rgba 8880), depth: 0, stencil: 0, acc: 0000, samples: 4/1
display  D   display_settings.c:400  _al_score_display_settings       [   0.64681] Single Buffer requirement not met.
display  D   display_settings.c:214  debug_display_settings           [   0.64690] color: 32 (rgba 8880), depth: 0, stencil: 0, acc: 0000, samples: 5/1
display  D   display_settings.c:400  _al_score_display_settings       [   0.64698] Single Buffer requirement not met.
display  D   display_settings.c:214  debug_display_settings           [   0.64710] color: 32 (rgba 8880), depth: 24, stencil: 8, acc: 0000, samples: 0/0
display  D   display_settings.c:400  _al_score_display_settings       [   0.64724] Single Buffer requirement not met.
display  D   display_settings.c:214  debug_display_settings           [   0.64732] color: 32 (rgba 8880), depth: 24, stencil: 8, acc: 0000, samples: 0/0
display  D   display_settings.c:400  _al_score_display_settings       [   0.64741] Single Buffer requirement not met.
display  D   display_settings.c:214  debug_display_settings           [   0.64747] color: 32 (rgba 8880), depth: 24, stencil: 8, acc: 0000, samples: 2/1
display  D   display_settings.c:400  _al_score_display_settings       [   0.64756] Single Buffer requirement not met.
display  D   display_settings.c:214  debug_display_settings           [   0.64763] color: 32 (rgba 8880), depth: 24, stencil: 8, acc: 0000, samples: 3/1
display  D   display_settings.c:400  _al_score_display_settings       [   0.64772] Single Buffer requirement not met.
display  D   display_settings.c:214  debug_display_settings           [   0.64782] color: 32 (rgba 8880), depth: 24, stencil: 8, acc: 0000, samples: 4/1
display  D   display_settings.c:400  _al_score_display_settings       [   0.64790] Single Buffer requirement not met.
display  D   display_settings.c:214  debug_display_settings           [   0.64798] color: 32 (rgba 8880), depth: 24, stencil: 8, acc: 0000, samples: 5/1
display  D   display_settings.c:400  _al_score_display_settings       [   0.64814] Single Buffer requirement not met.
display  D   display_settings.c:214  debug_display_settings           [   0.64825] color: 32 (rgba 8880), depth: 24, stencil: 0, acc: 0000, samples: 0/0
display  D   display_settings.c:400  _al_score_display_settings       [   0.64834] Single Buffer requirement not met.
display  D   display_settings.c:214  debug_display_settings           [   0.64841] color: 32 (rgba 8880), depth: 24, stencil: 0, acc: 0000, samples: 0/0
display  D   display_settings.c:400  _al_score_display_settings       [   0.64849] Single Buffer requirement not met.
display  D   display_settings.c:214  debug_display_settings           [   0.64857] color: 32 (rgba 8880), depth: 24, stencil: 0, acc: 0000, samples: 2/1
display  D   display_settings.c:400  _al_score_display_settings       [   0.64866] Single Buffer requirement not met.
display  D   display_settings.c:214  debug_display_settings           [   0.64873] color: 32 (rgba 8880), depth: 24, stencil: 0, acc: 0000, samples: 3/1
display  D   display_settings.c:400  _al_score_display_settings       [   0.64881] Single Buffer requirement not met.
display  D   display_settings.c:214  debug_display_settings           [   0.64888] color: 32 (rgba 8880), depth: 24, stencil: 0, acc: 0000, samples: 4/1
display  D   display_settings.c:400  _al_score_display_settings       [   0.64896] Single Buffer requirement not met.
display  D   display_settings.c:214  debug_display_settings           [   0.64908] color: 32 (rgba 8880), depth: 24, stencil: 0, acc: 0000, samples: 5/1
display  D   display_settings.c:400  _al_score_display_settings       [   0.64916] Single Buffer requirement not met.
display  D   display_settings.c:214  debug_display_settings           [   0.64924] color: 32 (rgba 8880), depth: 16, stencil: 0, acc: 0000, samples: 0/0
display  D   display_settings.c:400  _al_score_display_settings       [   0.64932] Single Buffer requirement not met.
display  D   display_settings.c:214  debug_display_settings           [   0.64939] color: 32 (rgba 8880), depth: 16, stencil: 0, acc: 0000, samples: 0/0
display  D   display_settings.c:400  _al_score_display_settings       [   0.64948] Single Buffer requirement not met.
display  D   display_settings.c:214  debug_display_settings           [   0.64955] color: 32 (rgba 8880), depth: 16, stencil: 0, acc: 0000, samples: 2/1
display  D   display_settings.c:400  _al_score_display_settings       [   0.64962] Single Buffer requirement not met.
display  D   display_settings.c:214  debug_display_settings           [   0.64973] color: 32 (rgba 8880), depth: 16, stencil: 0, acc: 0000, samples: 3/1
display  D   display_settings.c:400  _al_score_display_settings       [   0.64986] Single Buffer requirement not met.
display  D   display_settings.c:214  debug_display_settings           [   0.64994] color: 32 (rgba 8880), depth: 16, stencil: 0, acc: 0000, samples: 4/1
display  D   display_settings.c:400  _al_score_display_settings       [   0.65005] Single Buffer requirement not met.
display  D   display_settings.c:214  debug_display_settings           [   0.65014] color: 32 (rgba 8880), depth: 16, stencil: 0, acc: 0000, samples: 5/1
display  D   display_settings.c:400  _al_score_display_settings       [   0.65027] Single Buffer requirement not met.
display  D   display_settings.c:214  debug_display_settings           [   0.65045] color: 16 (rgba 5650), depth: 0, stencil: 0, acc: 0000, samples: 0/0
display  D   display_settings.c:400  _al_score_display_settings       [   0.65067] Single Buffer requirement not met.
display  D   display_settings.c:214  debug_display_settings           [   0.65077] color: 16 (rgba 5650), depth: 0, stencil: 0, acc: 0000, samples: 0/0
display  D   display_settings.c:400  _al_score_display_settings       [   0.65093] Single Buffer requirement not met.
display  D   display_settings.c:214  debug_display_settings           [   0.65109] color: 16 (rgba 5650), depth: 0, stencil: 0, acc: 0000, samples: 2/1
display  D   display_settings.c:400  _al_score_display_settings       [   0.65121] Single Buffer requirement not met.
display  D   display_settings.c:214  debug_display_settings           [   0.65131] color: 16 (rgba 5650), depth: 0, stencil: 0, acc: 0000, samples: 3/1
display  D   display_settings.c:400  _al_score_display_settings       [   0.65142] Single Buffer requirement not met.
display  D   display_settings.c:214  debug_display_settings           [   0.65157] color: 16 (rgba 5650), depth: 0, stencil: 0, acc: 0000, samples: 4/1
display  D   display_settings.c:400  _al_score_display_settings       [   0.65168] Single Buffer requirement not met.
display  D   display_settings.c:214  debug_display_settings           [   0.65178] color: 16 (rgba 5650), depth: 0, stencil: 0, acc: 0000, samples: 5/1
display  D   display_settings.c:400  _al_score_display_settings       [   0.65190] Single Buffer requirement not met.
display  D   display_settings.c:214  debug_display_settings           [   0.65204] color: 16 (rgba 5650), depth: 24, stencil: 8, acc: 0000, samples: 0/0
display  D   display_settings.c:400  _al_score_display_settings       [   0.65217] Single Buffer requirement not met.
display  D   display_settings.c:214  debug_display_settings           [   0.65229] color: 16 (rgba 5650), depth: 24, stencil: 8, acc: 0000, samples: 0/0
display  D   display_settings.c:400  _al_score_display_settings       [   0.65242] Single Buffer requirement not met.
display  D   display_settings.c:214  debug_display_settings           [   0.65251] color: 16 (rgba 5650), depth: 24, stencil: 8, acc: 0000, samples: 2/1
display  D   display_settings.c:400  _al_score_display_settings       [   0.65263] Single Buffer requirement not met.
display  D   display_settings.c:214  debug_display_settings           [   0.65278] color: 16 (rgba 5650), depth: 24, stencil: 8, acc: 0000, samples: 3/1
display  D   display_settings.c:400  _al_score_display_settings       [   0.65288] Single Buffer requirement not met.
display  D   display_settings.c:214  debug_display_settings           [   0.65306] color: 16 (rgba 5650), depth: 24, stencil: 8, acc: 0000, samples: 4/1
display  D   display_settings.c:400  _al_score_display_settings       [   0.65319] Single Buffer requirement not met.
display  D   display_settings.c:214  debug_display_settings           [   0.65331] color: 16 (rgba 5650), depth: 24, stencil: 8, acc: 0000, samples: 5/1
display  D   display_settings.c:400  _al_score_display_settings       [   0.65346] Single Buffer requirement not met.
display  D   display_settings.c:214  debug_display_settings           [   0.65361] color: 16 (rgba 5650), depth: 24, stencil: 0, acc: 0000, samples: 0/0
display  D   display_settings.c:400  _al_score_display_settings       [   0.65371] Single Buffer requirement not met.
display  D   display_settings.c:214  debug_display_settings           [   0.65384] color: 16 (rgba 5650), depth: 24, stencil: 0, acc: 0000, samples: 0/0
display  D   display_settings.c:400  _al_score_display_settings       [   0.65397] Single Buffer requirement not met.
display  D   display_settings.c:214  debug_display_settings           [   0.65408] color: 16 (rgba 5650), depth: 24, stencil: 0, acc: 0000, samples: 2/1
display  D   display_settings.c:400  _al_score_display_settings       [   0.65422] Single Buffer requirement not met.
display  D   display_settings.c:214  debug_display_settings           [   0.65432] color: 16 (rgba 5650), depth: 24, stencil: 0, acc: 0000, samples: 3/1
display  D   display_settings.c:400  _al_score_display_settings       [   0.65444] Single Buffer requirement not met.
display  D   display_settings.c:214  debug_display_settings           [   0.65453] color: 16 (rgba 5650), depth: 24, stencil: 0, acc: 0000, samples: 4/1
display  D   display_settings.c:400  _al_score_display_settings       [   0.65464] Single Buffer requirement not met.
display  D   display_settings.c:214  debug_display_settings           [   0.65475] color: 16 (rgba 5650), depth: 24, stencil: 0, acc: 0000, samples: 5/1
display  D   display_settings.c:400  _al_score_display_settings       [   0.65487] Single Buffer requirement not met.
display  D   display_settings.c:214  debug_display_settings           [   0.65497] color: 16 (rgba 5650), depth: 16, stencil: 0, acc: 0000, samples: 0/0
display  D   display_settings.c:400  _al_score_display_settings       [   0.65508] Single Buffer requirement not met.
display  D   display_settings.c:214  debug_display_settings           [   0.65516] color: 16 (rgba 5650), depth: 16, stencil: 0, acc: 0000, samples: 0/0
display  D   display_settings.c:400  _al_score_display_settings       [   0.65527] Single Buffer requirement not met.
display  D   display_settings.c:214  debug_display_settings           [   0.65538] color: 16 (rgba 5650), depth: 16, stencil: 0, acc: 0000, samples: 2/1
display  D   display_settings.c:400  _al_score_display_settings       [   0.65548] Single Buffer requirement not met.
display  D   display_settings.c:214  debug_display_settings           [   0.65557] color: 16 (rgba 5650), depth: 16, stencil: 0, acc: 0000, samples: 3/1
display  D   display_settings.c:400  _al_score_display_settings       [   0.65572] Single Buffer requirement not met.
display  D   display_settings.c:214  debug_display_settings           [   0.65584] color: 16 (rgba 5650), depth: 16, stencil: 0, acc: 0000, samples: 4/1
display  D   display_settings.c:400  _al_score_display_settings       [   0.65592] Single Buffer requirement not met.
display  D   display_settings.c:214  debug_display_settings           [   0.65599] color: 16 (rgba 5650), depth: 16, stencil: 0, acc: 0000, samples: 5/1
display  D   display_settings.c:400  _al_score_display_settings       [   0.65607] Single Buffer requirement not met.
d3d      D         d3d_disp.cpp:1677 d3d_create_display_internals     [   0.65618] Trying format 0.
d3d      I         d3d_disp.cpp:1353 d3d_display_thread_proc          [   0.65662] Chose a display format: 23
d3d      I         d3d_disp.cpp:1422 d3d_display_thread_proc          [   0.65671] Normal window.
d3d      I         d3d_disp.cpp:786  d3d_create_device                [   0.70351] Using no depth stencil buffer
d3d      D         d3d_disp.cpp:848  d3d_create_device                [   1.16121] BeginScene succeeded in create_device
d3d      D         d3d_disp.cpp:856  d3d_create_device                [   1.16134] Success
d3d      D         d3d_disp.cpp:1703 d3d_create_display_internals     [   1.16151] Resumed after wait.
d3d      I         d3d_disp.cpp:1736 d3d_create_display_internals     [   1.16162] Format 0 succeeded.
d3d      D         d3d_disp.cpp:1767 d3d_create_display_internals     [   1.16171] Returning d3d_display: 0000000000e16570
d3d      D         d3d_disp.cpp:1792 d3d_create_display_locked        [   1.16179] al_display=0000000000e16570
d3d      D         d3d_disp.cpp:1793 d3d_create_display_locked        [   1.16189] al_display->vt=0000000000e17b20
system   D            wsystem.c:891  _al_win_safe_load_library        [   1.16221] PathFindOnPath found: C:\WINDOWS\system32\d3dx9_43.dll
system   D            wsystem.c:797  load_library_at_path             [   1.16235] Calling LoadLibrary C:\WINDOWS\system32\d3dx9_43.dll
system   I            wsystem.c:800  load_library_at_path             [   1.17389] Loaded C:\WINDOWS\system32\d3dx9_43.dll
d3dx9    I        d3d_d3dx9.cpp:88   _imp_load_d3dx9_module_version   [   1.17401] Module "d3dx9_43.dll" loaded.
stdio    D         file_stdio.c:107  file_stdio_fopen                 [   1.17422] opening ../../sprites/ui/panels/hud geral.png rb
stdio    D         file_stdio.c:107  file_stdio_fopen                 [   1.17449] opening ../../sprites/ui/panels/hud geral.png rb
d3d      D         d3d_disp.cpp:1197 real_choose_bitmap_format        [   1.17470] Fake format
d3d      D         d3d_disp.cpp:1197 real_choose_bitmap_format        [   1.17480] Fake format
d3d      D         d3d_disp.cpp:1197 real_choose_bitmap_format        [   1.17488] Fake format
d3d      D         d3d_disp.cpp:1197 real_choose_bitmap_format        [   1.17506] Fake format
d3d      D         d3d_disp.cpp:1197 real_choose_bitmap_format        [   1.17517] Fake format
d3d      D         d3d_disp.cpp:1197 real_choose_bitmap_format        [   1.17526] Fake format
d3d      D         d3d_disp.cpp:1197 real_choose_bitmap_format        [   1.17536] Fake format
d3d      D         d3d_disp.cpp:1197 real_choose_bitmap_format        [   1.17545] Fake format
d3d      D         d3d_disp.cpp:1197 real_choose_bitmap_format        [   1.17553] Fake format
d3d      D         d3d_disp.cpp:1205 real_choose_bitmap_format        [   1.17561] Alpha doesn't match
d3d      D         d3d_disp.cpp:1212 real_choose_bitmap_format        [   1.17569] Adapter format is 23
d3d      D         d3d_disp.cpp:1215 real_choose_bitmap_format        [   1.17577] Found a format
d3d      I         d3d_disp.cpp:2386 d3d_create_bitmap                [   1.17585] Chose bitmap format 9
dtor     D               dtor.c:196  _al_register_destructor          [   1.17779] added dtor for bitmap 00000000026d2320, func 00007fffe4011bf8
dtor     D               dtor.c:196  _al_register_destructor          [   1.18185] added dtor for queue 00000000026d2180, func 00007fffe403cd4e
dtor     D               dtor.c:196  _al_register_destructor          [   1.18209] added dtor for timer 00000000026d1650, func 00007fffe4050ffa
d3d      D          d3d_bmp.cpp:539  _al_d3d_sync_bitmap              [   1.38984] _al_d3d_sync_bitmap (system) ref count == 1
d3d      D          d3d_bmp.cpp:545  _al_d3d_sync_bitmap              [   1.39004] _al_d3d_sync_bitmap (video) ref count == 1
dtor     D               dtor.c:227  _al_unregister_destructor        [  45.67766] removed dtor for timer 00000000026d1650
dtor     D               dtor.c:227  _al_unregister_destructor        [  45.67802] removed dtor for queue 00000000026d2180
d3d      I         d3d_disp.cpp:910  d3d_destroy_display              [  45.67820] destroying display 0000000000e16570 (current 0000000000000000)
bitmap   D        bitmap_type.c:308  _al_convert_to_memory_bitmap     [  45.70603] converting display bitmap 00000000026d2320 to memory bitmap
dtor     D               dtor.c:196  _al_register_destructor          [  45.70642] added dtor for bitmap 00000000026d1540, func 00007fffe4011bf8
d3d      D          d3d_bmp.cpp:539  _al_d3d_sync_bitmap              [  45.70734] _al_d3d_sync_bitmap (system) ref count == 1
d3d      D          d3d_bmp.cpp:545  _al_d3d_sync_bitmap              [  45.70751] _al_d3d_sync_bitmap (video) ref count == 1
dtor     D               dtor.c:227  _al_unregister_destructor        [  45.70791] removed dtor for bitmap 00000000026d1540
d3d      D         d3d_disp.cpp:894  d3d_destroy_display_internals    [  45.70911] waiting for display 0000000000e16570's thread to end
d3d      W         d3d_disp.cpp:603  d3d_destroy_device               [  45.72603] d3d_destroy_device: ref count not 0
d3d      W         d3d_disp.cpp:603  d3d_destroy_device               [  45.72657] d3d_destroy_device: ref count not 0
d3d      I         d3d_disp.cpp:1557 d3d_display_thread_proc          [  45.77955] d3d display thread exits
dtor     D               dtor.c:116  _al_run_destructors              [  45.78766] calling dtor for bitmap 00000000026d2320, func 00007fffe4011bf8
dtor     D               dtor.c:227  _al_unregister_destructor        [  45.78793] removed dtor for bitmap 00000000026d2320
audio-dsound D           dsound.cpp:304  _dsound_close                    [  45.78831] Releasing device
audio-dsound D           dsound.cpp:309  _dsound_close                    [  45.78922] Released device
audio-dsound I           dsound.cpp:310  _dsound_close                    [  45.78933] DirectSound closed
